# JRE version: OpenJDK Runtime Environment (17.0.6) (build 17.0.6+0-17.0.6b802.4-9586694)
# Java VM: OpenJDK 64-Bit Server VM (17.0.6+0-17.0.6b802.4-9586694, mixed mode, tiered, compressed oops, compressed class ptrs, g1 gc, linux-amd64)
GC Precious Log:
 CPUs: 4 total, 4 available
 Memory: 7811M
 Large Page Support: Disabled
 NUMA Support: Disabled
 Compressed Oops: Enabled (32-bit)
 Heap Region Size: 1M
 Heap Min Capacity: 8M
 Heap Initial Capacity: 124M
 Heap Max Capacity: 2G
 Pre-touch: Disabled
 Parallel Workers: 4
 Concurrent Workers: 1
 Concurrent Refinement Workers: 4
 Periodic GC: Disabled
Heap:
 garbage-first heap   total 71680K, used 25074K [0x0000000080000000, 0x0000000100000000)
  region size 1024K, 6 young (6144K), 4 survivors (4096K)
 Metaspace       used 36635K, committed 36992K, reserved 1081344K
  class space    used 4977K, committed 5120K, reserved 1048576K
GC Heap History (14 events):
Event: 0.856 GC heap before
{Heap before GC invocations=0 (full 0):
 garbage-first heap   total 126976K, used 13312K [0x0000000080000000, 0x0000000100000000)
  region size 1024K, 13 young (13312K), 0 survivors (0K)
 Metaspace       used 7027K, committed 7232K, reserved 1056768K
  class space    used 601K, committed 704K, reserved 1048576K
}
Event: 0.862 GC heap after
{Heap after GC invocations=1 (full 0):
 garbage-first heap   total 126976K, used 3644K [0x0000000080000000, 0x0000000100000000)
  region size 1024K, 2 young (2048K), 2 survivors (2048K)
 Metaspace       used 7027K, committed 7232K, reserved 1056768K
  class space    used 601K, committed 704K, reserved 1048576K
}
Event: 1.603 GC heap before
{Heap before GC invocations=1 (full 0):
 garbage-first heap   total 126976K, used 22076K [0x0000000080000000, 0x0000000100000000)
  region size 1024K, 17 young (17408K), 2 survivors (2048K)
 Metaspace       used 11015K, committed 11264K, reserved 1064960K
  class space    used 1166K, committed 1280K, reserved 1048576K
}
Event: 1.609 GC heap after
{Heap after GC invocations=2 (full 0):
 garbage-first heap   total 126976K, used 10319K [0x0000000080000000, 0x0000000100000000)
  region size 1024K, 3 young (3072K), 3 survivors (3072K)
 Metaspace       used 11015K, committed 11264K, reserved 1064960K
  class space    used 1166K, committed 1280K, reserved 1048576K
}
Event: 2.045 GC heap before
{Heap before GC invocations=2 (full 0):
 garbage-first heap   total 126976K, used 31823K [0x0000000080000000, 0x0000000100000000)
  region size 1024K, 24 young (24576K), 3 survivors (3072K)
 Metaspace       used 11390K, committed 11648K, reserved 1064960K
  class space    used 1223K, committed 1344K, reserved 1048576K
}
Event: 2.061 GC heap after
{Heap after GC invocations=3 (full 0):
 garbage-first heap   total 126976K, used 15021K [0x0000000080000000, 0x0000000100000000)
  region size 1024K, 3 young (3072K), 3 survivors (3072K)
 Metaspace       used 11390K, committed 11648K, reserved 1064960K
  class space    used 1223K, committed 1344K, reserved 1048576K
}
Event: 4.080 GC heap before
{Heap before GC invocations=3 (full 0):
 garbage-first heap   total 126976K, used 46765K [0x0000000080000000, 0x0000000100000000)
  region size 1024K, 35 young (35840K), 3 survivors (3072K)
 Metaspace       used 21258K, committed 21504K, reserved 1073152K
  class space    used 2635K, committed 2752K, reserved 1048576K
}
Event: 4.096 GC heap after
{Heap after GC invocations=4 (full 0):
 garbage-first heap   total 126976K, used 18519K [0x0000000080000000, 0x0000000100000000)
  region size 1024K, 7 young (7168K), 7 survivors (7168K)
 Metaspace       used 21258K, committed 21504K, reserved 1073152K
  class space    used 2635K, committed 2752K, reserved 1048576K
}
Event: 5.562 GC heap before
{Heap before GC invocations=5 (full 0):
 garbage-first heap   total 71680K, used 54359K [0x0000000080000000, 0x0000000100000000)
  region size 1024K, 42 young (43008K), 7 survivors (7168K)
 Metaspace       used 26973K, committed 27264K, reserved 1073152K
  class space    used 3622K, committed 3776K, reserved 1048576K
}
Event: 5.580 GC heap after
{Heap after GC invocations=6 (full 0):
 garbage-first heap   total 71680K, used 20969K [0x0000000080000000, 0x0000000100000000)
  region size 1024K, 3 young (3072K), 3 survivors (3072K)
 Metaspace       used 26973K, committed 27264K, reserved 1073152K
  class space    used 3622K, committed 3776K, reserved 1048576K
}
Event: 6.636 GC heap before
{Heap before GC invocations=6 (full 0):
 garbage-first heap   total 71680K, used 48617K [0x0000000080000000, 0x0000000100000000)
  region size 1024K, 30 young (30720K), 3 survivors (3072K)
 Metaspace       used 31087K, committed 31360K, reserved 1081344K
  class space    used 4293K, committed 4416K, reserved 1048576K
}
Event: 6.652 GC heap after
{Heap after GC invocations=7 (full 0):
 garbage-first heap   total 71680K, used 22165K [0x0000000080000000, 0x0000000100000000)
  region size 1024K, 2 young (2048K), 2 survivors (2048K)
 Metaspace       used 31087K, committed 31360K, reserved 1081344K
  class space    used 4293K, committed 4416K, reserved 1048576K
}
Event: 8.763 GC heap before
{Heap before GC invocations=7 (full 0):
 garbage-first heap   total 71680K, used 45717K [0x0000000080000000, 0x0000000100000000)
  region size 1024K, 26 young (26624K), 2 survivors (2048K)
 Metaspace       used 35884K, committed 36160K, reserved 1081344K
  class space    used 4934K, committed 5056K, reserved 1048576K
}
Event: 8.785 GC heap after
{Heap after GC invocations=8 (full 0):
 garbage-first heap   total 71680K, used 24050K [0x0000000080000000, 0x0000000100000000)
  region size 1024K, 4 young (4096K), 4 survivors (4096K)
 Metaspace       used 35884K, committed 36160K, reserved 1081344K
  class space    used 4934K, committed 5056K, reserved 1048576K
}

